Collecting git+https://github.com/jaraco/path.git
  Cloning https://github.com/jaraco/path.git to /tmp/pip-req-build-nr60r0o6
  Running command git clone --filter=blob:none --quiet https://github.com/jaraco/path.git /tmp/pip-req-build-nr60r0o6
  Resolved https://github.com/jaraco/path.git to commit 0f86209f11199ceaff788c73f96ea5b5ec2318ee
  Installing build dependencies: started
  Installing build dependencies: finished with status 'done'
  Getting requirements to build wheel: started
  Getting requirements to build wheel: finished with status 'done'
  Preparing metadata (pyproject.toml): started
  Preparing metadata (pyproject.toml): finished with status 'done'
Building wheels for collected packages: path
  Building wheel for path (pyproject.toml): started
  Building wheel for path (pyproject.toml): finished with status 'done'
  Created wheel for path: filename=path-17.1.1-py3-none-any.whl size=23937 sha256=797d1d13f7bc0b02272a1a8592d6ccd27d51f714ded19cc22a8f9f7dc2700ed9
  Stored in directory: /tmp/pip-ephem-wheel-cache-u2lcgzwz/wheels/05/97/77/84a6ccf4f5f41dfcbbeb29075fa06cf285990f754500f88e62
Successfully built path
Installing collected packages: path
Successfully installed path-17.1.1

[notice] A new release of pip is available: 23.0.1 -> 26.0.1
[notice] To update, run: pip install --upgrade pip
